<?xml version="1.0" encoding="UTF-8"?>
<testsuite name="main.java.BankDatabaseTest" tests="5" skipped="0" failures="0" errors="0" timestamp="2022-11-08T02:50:32" hostname="LAPTOP-ITJF6BM2" time="0.007">
  <properties/>
  <testcase name="testGetAvailableBalance()" classname="main.java.BankDatabaseTest" time="0.002"/>
  <testcase name="testDebit()" classname="main.java.BankDatabaseTest" time="0.0"/>
  <testcase name="testAuthenticateUser()" classname="main.java.BankDatabaseTest" time="0.001"/>
  <testcase name="testCredit()" classname="main.java.BankDatabaseTest" time="0.001"/>
  <testcase name="testGetTotalBalance()" classname="main.java.BankDatabaseTest" time="0.001"/>
  <system-out><![CDATA[]]></system-out>
  <system-err><![CDATA[]]></system-err>
</testsuite>
