<?xml version="1.0" encoding="UTF-8"?>
<testsuite name="main.java.CashDispenserTest" tests="2" skipped="0" failures="0" errors="0" timestamp="2022-11-08T02:50:32" hostname="LAPTOP-ITJF6BM2" time="0.004">
  <properties/>
  <testcase name="test1IsSufficientCashAvailable()" classname="main.java.CashDispenserTest" time="0.002"/>
  <testcase name="test2IsSufficientCashAvailable()" classname="main.java.CashDispenserTest" time="0.002"/>
  <system-out><![CDATA[]]></system-out>
  <system-err><![CDATA[]]></system-err>
</testsuite>
